SF:lib/features/search/data/datamodels/searchrepo/search_repo.dart
DA:16,2
DA:18,0
DA:20,0
DA:39,2
DA:47,0
DA:49,0
DA:57,2
DA:59,0
DA:61,0
LF:9
LH:3
end_of_record
SF:lib/features/search/data/datamodels/searchrepo/search_repo.g.dart
DA:9,0
DA:10,0
DA:11,0
DA:12,0
DA:13,0
DA:14,0
DA:17,0
DA:18,0
DA:19,0
DA:20,0
DA:23,0
DA:24,0
DA:25,0
DA:26,0
DA:27,0
DA:29,0
DA:30,0
DA:31,0
DA:34,0
DA:35,0
DA:36,0
DA:37,0
DA:38,0
DA:39,0
DA:40,0
DA:43,0
DA:44,0
DA:47,0
DA:48,0
LF:29
LH:0
end_of_record
SF:lib/features/search/presentation/bloc/search_repo_bloc.dart
DA:14,3
DA:15,2
DA:16,2
DA:17,2
DA:18,2
DA:19,0
DA:24,4
DA:25,1
DA:26,0
DA:27,0
DA:29,0
DA:31,1
DA:32,3
DA:33,4
DA:34,4
DA:35,2
DA:37,2
DA:40,0
DA:41,0
DA:42,0
DA:43,0
LF:21
LH:13
end_of_record
SF:lib/features/search/presentation/bloc/search_repo_events.dart
DA:4,7
DA:6,0
DA:7,0
DA:11,7
DA:15,1
LF:5
LH:3
end_of_record
SF:lib/features/search/presentation/bloc/search_repo_states.dart
DA:5,6
DA:7,1
DA:8,1
DA:17,2
DA:23,4
DA:25,0
DA:26,0
LF:7
LH:5
end_of_record
SF:lib/core/error/failures.dart
DA:6,0
DA:7,0
LF:2
LH:0
end_of_record
SF:lib/features/search/domain/usecases/search_repo_usecase.dart
DA:8,0
DA:10,0
DA:12,0
LF:3
LH:0
end_of_record
SF:lib/based_injection/di.dart
DA:14,6
DA:16,0
DA:17,0
DA:18,0
DA:20,0
DA:21,0
DA:23,0
DA:24,0
DA:25,0
DA:26,0
DA:28,0
DA:29,0
DA:30,0
DA:31,0
DA:33,0
LF:15
LH:1
end_of_record
SF:lib/features/datasource/issues_repo_datasource.dart
DA:15,0
DA:19,0
DA:23,0
DA:24,0
DA:25,0
DA:26,0
DA:30,0
DA:31,0
DA:32,0
DA:33,0
DA:36,0
DA:37,0
DA:39,0
LF:13
LH:0
end_of_record
SF:lib/features/datasource/serach_repo_datasource.dart
DA:14,0
DA:18,0
DA:22,0
DA:23,0
DA:24,0
DA:25,0
DA:29,0
DA:30,0
DA:31,0
DA:32,0
DA:35,0
DA:36,0
DA:38,0
LF:13
LH:0
end_of_record
SF:lib/features/issues/data/repository/issues_repo_impl.dart
DA:9,0
DA:11,0
DA:15,0
DA:18,0
DA:20,0
LF:5
LH:0
end_of_record
SF:lib/features/issues/domain/usecases/issue_repo_usecase.dart
DA:8,0
DA:10,0
DA:12,0
LF:3
LH:0
end_of_record
SF:lib/features/issues/presentation/bloc/git_repo_issue_bloc.dart
DA:13,1
DA:14,2
DA:15,2
DA:16,2
DA:17,2
DA:18,2
DA:19,0
DA:23,4
DA:24,1
DA:25,0
DA:26,0
DA:28,0
DA:30,1
DA:31,5
DA:32,4
DA:33,4
DA:34,3
DA:36,2
DA:39,0
DA:40,0
DA:41,0
DA:42,0
LF:22
LH:14
end_of_record
SF:lib/features/search/data/repository/search_repo_impl.dart
DA:9,0
DA:11,0
DA:16,0
DA:18,0
DA:20,0
LF:5
LH:0
end_of_record
SF:lib/core/utils/sort_extention.dart
DA:2,2
DA:3,12
LF:2
LH:2
end_of_record
SF:lib/features/issues/data/datamodels/issues/issues_repo.dart
DA:16,1
DA:18,0
DA:20,0
DA:36,3
DA:44,0
DA:45,0
DA:47,0
DA:55,3
DA:57,0
DA:59,0
LF:10
LH:3
end_of_record
SF:lib/features/issues/data/datamodels/issues/issues_repo.g.dart
DA:9,0
DA:10,0
DA:11,0
DA:12,0
DA:13,0
DA:14,0
DA:17,0
DA:18,0
DA:19,0
DA:20,0
DA:23,0
DA:24,0
DA:25,0
DA:26,0
DA:27,0
DA:29,0
DA:30,0
DA:33,0
DA:34,0
DA:35,0
DA:36,0
DA:37,0
DA:38,0
DA:39,0
DA:42,0
DA:43,0
DA:46,0
DA:47,0
LF:28
LH:0
end_of_record
SF:lib/features/issues/presentation/bloc/git_repo_issue_events.dart
DA:4,8
DA:6,0
DA:7,0
DA:11,6
DA:16,2
LF:5
LH:3
end_of_record
SF:lib/features/issues/presentation/bloc/git_repo_issue_states.dart
DA:5,7
DA:7,1
DA:8,1
DA:15,3
DA:21,5
DA:23,0
DA:24,0
LF:7
LH:5
end_of_record
SF:lib/features/issues/presentation/ui/git_repo_issues.dart
DA:11,1
DA:12,0
DA:15,1
DA:16,1
DA:20,0
DA:21,0
DA:22,0
DA:23,0
DA:24,0
DA:27,1
DA:29,3
DA:31,2
DA:32,1
DA:33,1
DA:35,1
DA:38,1
DA:39,2
DA:40,4
DA:43,1
DA:45,3
DA:48,1
DA:49,1
DA:50,1
DA:51,1
DA:52,1
DA:53,1
DA:54,0
DA:56,1
DA:57,1
DA:58,1
DA:59,0
DA:60,1
DA:61,1
DA:62,1
DA:66,0
DA:68,1
DA:69,2
DA:72,0
DA:73,0
DA:74,0
DA:75,0
DA:76,0
DA:77,0
DA:79,0
DA:80,0
DA:88,2
DA:89,1
DA:90,0
DA:92,0
LF:49
LH:30
end_of_record
SF:lib/features/search/widgets/lazy_list.dart
DA:17,2
DA:24,2
DA:26,2
DA:28,4
DA:34,2
DA:35,2
DA:36,2
DA:37,0
DA:38,0
DA:39,0
DA:40,0
DA:43,4
DA:44,2
DA:45,10
DA:50,4
DA:51,1
DA:53,1
DA:54,0
DA:55,0
DA:57,1
DA:58,1
DA:59,1
DA:60,1
DA:65,3
DA:68,1
DA:69,1
DA:74,3
DA:81,2
DA:82,1
DA:84,1
DA:85,1
DA:88,1
DA:89,1
DA:94,1
DA:95,3
DA:103,1
DA:104,1
DA:109,1
DA:110,1
DA:111,3
DA:119,0
LF:41
LH:34
end_of_record
SF:lib/features/search/widgets/loading_widget.dart
DA:4,8
DA:6,0
LF:2
LH:1
end_of_record
SF:lib/features/search/presentation/ui/search_repo.dart
DA:14,1
DA:17,1
DA:18,1
DA:24,0
DA:26,0
DA:27,0
DA:28,0
DA:31,1
DA:33,1
DA:36,0
DA:37,0
DA:38,0
DA:41,0
DA:42,0
DA:43,0
DA:46,0
DA:47,0
DA:48,0
DA:49,0
DA:50,0
DA:55,1
DA:57,3
DA:60,1
DA:61,1
DA:62,1
DA:63,1
DA:64,1
DA:65,1
DA:66,1
DA:67,0
DA:69,1
DA:70,1
DA:71,1
DA:72,0
DA:73,1
DA:74,2
DA:75,0
DA:76,1
DA:77,0
DA:82,0
DA:83,0
DA:86,0
DA:104,1
DA:105,1
DA:107,1
DA:108,0
DA:109,0
DA:110,0
DA:111,0
DA:112,0
DA:113,0
DA:116,1
DA:128,2
LF:53
LH:25
end_of_record
